This file contains any messages produced by compilers while
running configure, to aid debugging if configure makes a mistake.

It was created by pic14lib configure 0.1, which was
generated by GNU Autoconf 2.64.  Invocation command line was

  $ ./configure --disable-option-checking --prefix=/usr/local docdir=${datarootdir}/doc/${PACKAGE} --cache-file=/dev/null --srcdir=.

## --------- ##
## Platform. ##
## --------- ##

hostname = system-Latitude-E6220
uname -m = x86_64
uname -r = 4.4.0-62-generic
uname -s = Linux
uname -v = #83~14.04.1-Ubuntu SMP Wed Jan 18 18:10:30 UTC 2017

/usr/bin/uname -p = unknown
/bin/uname -X     = unknown

/bin/arch              = unknown
/usr/bin/arch -k       = unknown
/usr/convex/getsysinfo = unknown
/usr/bin/hostinfo      = unknown
/bin/machine           = unknown
/usr/bin/oslevel       = unknown
/bin/universe          = unknown

PATH: /opt/FriendlyARM/toolschain/4.4.3/bin
PATH: /usr/local/sbin
PATH: /usr/local/bin
PATH: /usr/sbin
PATH: /usr/bin
PATH: /sbin
PATH: /bin
PATH: /home/system/android-sdk-linux/tools
PATH: /home/system/android-sdk-linux/platform-tools


## ----------- ##
## Core tests. ##
## ----------- ##

configure:1741: checking for a BSD-compatible install
configure:1809: result: /usr/bin/install -c
configure:1820: checking whether build environment is sane
configure:1870: result: yes
configure:2011: checking for a thread-safe mkdir -p
configure:2050: result: /bin/mkdir -p
configure:2063: checking for gawk
configure:2079: found /usr/bin/gawk
configure:2090: result: gawk
configure:2101: checking whether make sets $(MAKE)
configure:2123: result: yes
configure:2238: checking for gpasm
configure:2269: result: :
configure:2279: checking for gplink
configure:2310: result: :
configure:2320: checking for gplib
configure:2351: result: :
configure:2363: error: gputils (gpasm, gplink, and gplib) are required but not found.
Either install gputils or reconfigure with --disable-pic14-port and --disable-pic16-port.

## ---------------- ##
## Cache variables. ##
## ---------------- ##

ac_cv_env_build_alias_set=
ac_cv_env_build_alias_value=
ac_cv_env_host_alias_set=
ac_cv_env_host_alias_value=
ac_cv_env_target_alias_set=
ac_cv_env_target_alias_value=
ac_cv_path_AR=:
ac_cv_path_CCAS=:
ac_cv_path_LD=:
ac_cv_path_install='/usr/bin/install -c'
ac_cv_path_mkdir=/bin/mkdir
ac_cv_prog_AWK=gawk
ac_cv_prog_make_make_set=yes

## ----------------- ##
## Output variables. ##
## ----------------- ##

ACLOCAL='${SHELL} /mnt/sda1/cc2530/cc2530/toolchain/sdcc/device/lib/pic14/missing --run aclocal-1.11'
AMDEPBACKSLASH=''
AMDEP_FALSE=''
AMDEP_TRUE=''
AMTAR='$${TAR-tar}'
AR=':'
ARCH='16f877'
ARFLAGS=''
AUTOCONF='${SHELL} /mnt/sda1/cc2530/cc2530/toolchain/sdcc/device/lib/pic14/missing --run autoconf'
AUTOHEADER='${SHELL} /mnt/sda1/cc2530/cc2530/toolchain/sdcc/device/lib/pic14/missing --run autoheader'
AUTOMAKE='${SHELL} /mnt/sda1/cc2530/cc2530/toolchain/sdcc/device/lib/pic14/missing --run automake-1.11'
AWK='gawk'
CC=''\''/mnt/sda1/cc2530/cc2530/toolchain/sdcc/device/lib/pic14//../../../bin/sdcc'\'''
CCAS=':'
CCASDEPMODE=''
CCASFLAGS=''
CCDEPMODE=''
CFLAGS=''
CYGPATH_W='echo'
DEFS=''
DEPDIR=''
EARCH='16f1934'
ECHO_C=''
ECHO_N='-n'
ECHO_T=''
ENABLE_ENHANCED_PICS_FALSE=''
ENABLE_ENHANCED_PICS_TRUE=''
ENABLE_EXTENDED_INSTRUCTIONS_FALSE=''
ENABLE_EXTENDED_INSTRUCTIONS_TRUE=''
INSTALL_DATA='${INSTALL} -m 644'
INSTALL_PROGRAM='${INSTALL}'
INSTALL_SCRIPT='${INSTALL}'
INSTALL_STRIP_PROGRAM='$(install_sh) -c -s'
LD=':'
LDFLAGS=''
LIBOBJS=''
LIBS=''
LTLIBOBJS=''
MAKEINFO='${SHELL} /mnt/sda1/cc2530/cc2530/toolchain/sdcc/device/lib/pic14/missing --run makeinfo'
MKDIR_P='/bin/mkdir -p'
OBJEXT=''
PACKAGE='pic14lib'
PACKAGE_BUGREPORT='tecodev AT users sourceforge net'
PACKAGE_NAME='pic14lib'
PACKAGE_STRING='pic14lib 0.1'
PACKAGE_TARNAME='pic14lib'
PACKAGE_URL=''
PACKAGE_VERSION='0.1'
PATH_SEPARATOR=':'
RANLIB=''
SET_MAKE=''
SHELL='/bin/bash'
STRIP=''
VERSION='0.1'
am__fastdepCCAS_FALSE=''
am__fastdepCCAS_TRUE=''
am__fastdepCC_FALSE=''
am__fastdepCC_TRUE=''
am__include=''
am__isrc=''
am__leading_dot='.'
am__nodep=''
am__quote=''
am__tar='$${TAR-tar} chof - "$$tardir"'
am__untar='$${TAR-tar} xf -'
bindir='${exec_prefix}/bin'
build_alias=''
datadir='${datarootdir}'
datarootdir='${prefix}/share'
docdir='${datarootdir}/doc/${PACKAGE}'
dvidir='${docdir}'
exec_prefix='NONE'
host_alias=''
htmldir='${docdir}'
includedir='${prefix}/include'
infodir='${datarootdir}/info'
install_sh='${SHELL} /mnt/sda1/cc2530/cc2530/toolchain/sdcc/device/lib/pic14/install-sh'
libdir='${exec_prefix}/lib/pic14'
libexecdir='${exec_prefix}/libexec'
localedir='${datarootdir}/locale'
localstatedir='${prefix}/var'
mandir='${datarootdir}/man'
mkdir_p='/bin/mkdir -p'
oldincludedir='/usr/include'
pdfdir='${docdir}'
prefix='/usr/local'
program_transform_name='s,x,x,'
psdir='${docdir}'
sbindir='${exec_prefix}/sbin'
sharedstatedir='${prefix}/com'
sysconfdir='${prefix}/etc'
target_alias=''

## ----------- ##
## confdefs.h. ##
## ----------- ##

/* confdefs.h */
#define PACKAGE_NAME "pic14lib"
#define PACKAGE_TARNAME "pic14lib"
#define PACKAGE_VERSION "0.1"
#define PACKAGE_STRING "pic14lib 0.1"
#define PACKAGE_BUGREPORT "tecodev AT users sourceforge net"
#define PACKAGE_URL ""
#define PACKAGE "pic14lib"
#define VERSION "0.1"

configure: exit 1
